<?xml version="1.0" encoding="UTF-8"?>
<!-- Generated by org.testng.reporters.JUnitReportReporter -->
<testsuite hostname="VikashSharma" failures="0" tests="3" name="rahulshettyacademy.tests.SubmitOrderTest" time="25.341" errors="0" timestamp="31 Mar 2024 02:44:14 GMT" skipped="0">
  <testcase classname="rahulshettyacademy.tests.SubmitOrderTest" name="submitOrder" time="13.456"/>
  <testcase classname="rahulshettyacademy.tests.SubmitOrderTest" name="submitOrder" time="7.883"/>
  <testcase classname="rahulshettyacademy.tests.SubmitOrderTest" name="OrderHistoryTest" time="4.002"/>
</testsuite> <!-- rahulshettyacademy.tests.SubmitOrderTest -->
