<?xml version="1.0" encoding="UTF-8"?>
<!-- Generated by org.testng.reporters.JUnitReportReporter -->
<testsuite hostname="VikashSharma" failures="0" tests="2" name="rahulshettyacademy.tests.ErrorValidationsTest" time="16.375" errors="0" timestamp="31 Mar 2024 02:44:14 GMT" skipped="0">
  <testcase classname="rahulshettyacademy.tests.ErrorValidationsTest" name="ProductErrorValidation" time="6.227"/>
  <testcase classname="rahulshettyacademy.tests.ErrorValidationsTest" name="LoginErrorValidation" time="10.148"/>
</testsuite> <!-- rahulshettyacademy.tests.ErrorValidationsTest -->
